0 info it worked if it ends with ok
1 verbose cli [ '/Users/Dieguin/.nvm/versions/node/v5.11.1/bin/node',
1 verbose cli   '/Users/Dieguin/.nvm/versions/node/v5.11.1/bin/npm',
1 verbose cli   'run',
1 verbose cli   'dev' ]
2 info using npm@3.10.8
3 info using node@v5.11.1
4 verbose run-script [ 'predev', 'dev', 'postdev' ]
5 info lifecycle geniac@~predev: geniac@
6 silly lifecycle geniac@~predev: no script for predev, continuing
7 info lifecycle geniac@~dev: geniac@
8 verbose lifecycle geniac@~dev: unsafe-perm in lifecycle true
9 verbose lifecycle geniac@~dev: PATH: /Users/Dieguin/.nvm/versions/node/v5.11.1/lib/node_modules/npm/bin/node-gyp-bin:/Users/Dieguin/repos/test/nuxtpoc/node_modules/.bin:/Users/Dieguin/.nvm/versions/node/v5.11.1/bin:/usr/local/bin:/usr/bin:/bin:/usr/sbin:/sbin:/opt/X11/bin:/usr/local/go/bin:/Users/Dieguin/golang/bin:/usr/local/opt/go/libexec/bin
10 verbose lifecycle geniac@~dev: CWD: /Users/Dieguin/repos/test/nuxtpoc
11 silly lifecycle geniac@~dev: Args: [ '-c', 'nuxt' ]
12 silly lifecycle geniac@~dev: Returned: code: 1  signal: null
13 info lifecycle geniac@~dev: Failed to exec dev script
14 verbose stack Error: geniac@ dev: `nuxt`
14 verbose stack Exit status 1
14 verbose stack     at EventEmitter.<anonymous> (/Users/Dieguin/.nvm/versions/node/v5.11.1/lib/node_modules/npm/lib/utils/lifecycle.js:255:16)
14 verbose stack     at emitTwo (events.js:100:13)
14 verbose stack     at EventEmitter.emit (events.js:185:7)
14 verbose stack     at ChildProcess.<anonymous> (/Users/Dieguin/.nvm/versions/node/v5.11.1/lib/node_modules/npm/lib/utils/spawn.js:40:14)
14 verbose stack     at emitTwo (events.js:100:13)
14 verbose stack     at ChildProcess.emit (events.js:185:7)
14 verbose stack     at maybeClose (internal/child_process.js:850:16)
14 verbose stack     at Process.ChildProcess._handle.onexit (internal/child_process.js:215:5)
15 verbose pkgid geniac@
16 verbose cwd /Users/Dieguin/repos/test/nuxtpoc
17 error Darwin 16.4.0
18 error argv "/Users/Dieguin/.nvm/versions/node/v5.11.1/bin/node" "/Users/Dieguin/.nvm/versions/node/v5.11.1/bin/npm" "run" "dev"
19 error node v5.11.1
20 error npm  v3.10.8
21 error code ELIFECYCLE
22 error geniac@ dev: `nuxt`
22 error Exit status 1
23 error Failed at the geniac@ dev script 'nuxt'.
23 error Make sure you have the latest version of node.js and npm installed.
23 error If you do, this is most likely a problem with the geniac package,
23 error not with npm itself.
23 error Tell the author that this fails on your system:
23 error     nuxt
23 error You can get information on how to open an issue for this project with:
23 error     npm bugs geniac
23 error Or if that isn't available, you can get their info via:
23 error     npm owner ls geniac
23 error There is likely additional logging output above.
24 verbose exit [ 1, true ]
